<?xml version="1.0" encoding="UTF-8"?>
<testng-results ignored="0" total="0" passed="0" failed="0" skipped="0">
  <reporter-output>
  </reporter-output>
  <suite started-at="2024-01-10T11:52:59 IST" name="Default suite" finished-at="2024-01-10T11:53:00 IST" duration-ms="1167">
    <groups>
      <group name="cucumber">
        <method signature="AbstractTestNGCucumberTests.runScenario(io.cucumber.testng.PickleWrapper,io.cucumber.testng.FeatureWrapper)[pri:0, instance:runner.RunTestNGtest@13c9d689]" name="runScenario" class="io.cucumber.testng.AbstractTestNGCucumberTests"/>
      </group> <!-- cucumber -->
    </groups>
    <test started-at="2024-01-10T11:52:59 IST" name="Default test" finished-at="2024-01-10T11:53:00 IST" duration-ms="1167">
      <class name="runner.RunTestNGtest">
        <test-method is-config="true" signature="setUpClass(org.testng.ITestContext)[pri:0, instance:runner.RunTestNGtest@13c9d689]" started-at="2024-01-10T11:52:59 IST" name="setUpClass" finished-at="2024-01-10T11:53:00 IST" duration-ms="1040" status="FAIL">
          <params>
            <param index="0">
              <value>
                <![CDATA[org.testng.TestRunner@1b7c473a]]>
              </value>
            </param>
          </params>
          <exception class="io.cucumber.core.gherkin.FeatureParserException">
            <message>
              <![CDATA[Failed to parse resource at: file:///C:/Users/vijay/Desktop/drakshayani/testmaven/Cucucmberframework/./src/test/resources/feature/abc.feature
(5:2): expected: #TagLine, #FeatureLine, #Comment, #Empty, got 'Scenario Outline: login to hrm application with invalid valid test data'
(6:5): expected: #TagLine, #FeatureLine, #Comment, #Empty, got 'Given using hrm url in any browser'
(7:5): expected: #TagLine, #FeatureLine, #Comment, #Empty, got 'When user type <Username> and <Password>'
(8:5): expected: #TagLine, #FeatureLine, #Comment, #Empty, got 'And click on login button'
(9:5): expected: #TagLine, #FeatureLine, #Comment, #Empty, got 'Then verify the error message'
(11:5): expected: #TagLine, #FeatureLine, #Comment, #Empty, got 'Examples:'
(12:7): expected: #TagLine, #FeatureLine, #Comment, #Empty, got '|Username      | Password |'
(13:7): expected: #TagLine, #FeatureLine, #Comment, #Empty, got '|drakshayani   |    hasdgsajsad |'
(14:7): expected: #TagLine, #FeatureLine, #Comment, #Empty, got '| Admin        |    admin123 |'
(15:0): unexpected end of file, expected: #TagLine, #FeatureLine, #Comment, #Empty]]>
            </message>
            <full-stacktrace>
              <![CDATA[io.cucumber.core.gherkin.FeatureParserException: Failed to parse resource at: file:///C:/Users/vijay/Desktop/drakshayani/testmaven/Cucucmberframework/./src/test/resources/feature/abc.feature
(5:2): expected: #TagLine, #FeatureLine, #Comment, #Empty, got 'Scenario Outline: login to hrm application with invalid valid test data'
(6:5): expected: #TagLine, #FeatureLine, #Comment, #Empty, got 'Given using hrm url in any browser'
(7:5): expected: #TagLine, #FeatureLine, #Comment, #Empty, got 'When user type <Username> and <Password>'
(8:5): expected: #TagLine, #FeatureLine, #Comment, #Empty, got 'And click on login button'
(9:5): expected: #TagLine, #FeatureLine, #Comment, #Empty, got 'Then verify the error message'
(11:5): expected: #TagLine, #FeatureLine, #Comment, #Empty, got 'Examples:'
(12:7): expected: #TagLine, #FeatureLine, #Comment, #Empty, got '|Username      | Password |'
(13:7): expected: #TagLine, #FeatureLine, #Comment, #Empty, got '|drakshayani   |    hasdgsajsad |'
(14:7): expected: #TagLine, #FeatureLine, #Comment, #Empty, got '| Admin        |    admin123 |'
(15:0): unexpected end of file, expected: #TagLine, #FeatureLine, #Comment, #Empty
at io.cucumber.core.gherkin.messages.GherkinMessagesFeatureParser.parse(GherkinMessagesFeatureParser.java:56)
at io.cucumber.core.feature.FeatureParser.parseResource(FeatureParser.java:46)
at java.base/java.util.function.BiFunction.lambda$andThen$0(BiFunction.java:70)
at io.cucumber.core.resource.ResourceScanner.lambda$processResource$1(ResourceScanner.java:79)
at io.cucumber.core.resource.PathScanner$ResourceFileVisitor.visitFile(PathScanner.java:75)
at io.cucumber.core.resource.PathScanner$ResourceFileVisitor.visitFile(PathScanner.java:60)
at java.base/java.nio.file.Files.walkFileTree(Files.java:2786)
at io.cucumber.core.resource.PathScanner.findResourcesForPath(PathScanner.java:53)
at io.cucumber.core.resource.PathScanner.findResourcesForUri(PathScanner.java:31)
at io.cucumber.core.resource.ResourceScanner.findResourcesForUri(ResourceScanner.java:61)
at io.cucumber.core.resource.ResourceScanner.scanForResourcesUri(ResourceScanner.java:134)
at io.cucumber.core.runtime.FeaturePathFeatureSupplier.loadFeatures(FeaturePathFeatureSupplier.java:62)
at io.cucumber.core.runtime.FeaturePathFeatureSupplier.get(FeaturePathFeatureSupplier.java:45)
at io.cucumber.testng.TestNGCucumberRunner.<init>(TestNGCucumberRunner.java:122)
at io.cucumber.testng.AbstractTestNGCucumberTests.setUpClass(AbstractTestNGCucumberTests.java:27)
at java.base/jdk.internal.reflect.DirectMethodHandleAccessor.invoke(DirectMethodHandleAccessor.java:103)
at java.base/java.lang.reflect.Method.invoke(Method.java:580)
at org.testng.internal.invokers.MethodInvocationHelper.invokeMethod(MethodInvocationHelper.java:139)
at org.testng.internal.invokers.MethodInvocationHelper.invokeMethodConsideringTimeout(MethodInvocationHelper.java:69)
at org.testng.internal.invokers.ConfigInvoker.invokeConfigurationMethod(ConfigInvoker.java:390)
at org.testng.internal.invokers.ConfigInvoker.invokeConfigurations(ConfigInvoker.java:325)
at org.testng.internal.invokers.TestMethodWorker.invokeBeforeClassMethods(TestMethodWorker.java:180)
at org.testng.internal.invokers.TestMethodWorker.run(TestMethodWorker.java:122)
at java.base/java.util.ArrayList.forEach(ArrayList.java:1596)
at org.testng.TestRunner.privateRun(TestRunner.java:848)
at org.testng.TestRunner.run(TestRunner.java:621)
at org.testng.SuiteRunner.runTest(SuiteRunner.java:443)
at org.testng.SuiteRunner.runSequentially(SuiteRunner.java:437)
at org.testng.SuiteRunner.privateRun(SuiteRunner.java:397)
at org.testng.SuiteRunner.run(SuiteRunner.java:336)
at org.testng.SuiteRunnerWorker.runSuite(SuiteRunnerWorker.java:52)
at org.testng.SuiteRunnerWorker.run(SuiteRunnerWorker.java:95)
at org.testng.TestNG.runSuitesSequentially(TestNG.java:1280)
at org.testng.TestNG.runSuitesLocally(TestNG.java:1200)
at org.testng.TestNG.runSuites(TestNG.java:1114)
at org.testng.TestNG.run(TestNG.java:1082)
at org.testng.remote.AbstractRemoteTestNG.run(AbstractRemoteTestNG.java:115)
at org.testng.remote.RemoteTestNG.initAndRun(RemoteTestNG.java:251)
at org.testng.remote.RemoteTestNG.main(RemoteTestNG.java:77)
]]>
            </full-stacktrace>
          </exception> <!-- io.cucumber.core.gherkin.FeatureParserException -->
          <reporter-output>
          </reporter-output>
        </test-method> <!-- setUpClass -->
        <test-method is-config="true" signature="tearDownClass()[pri:0, instance:runner.RunTestNGtest@13c9d689]" started-at="2024-01-10T11:53:00 IST" name="tearDownClass" finished-at="2024-01-10T11:53:00 IST" duration-ms="3" status="PASS">
          <reporter-output>
          </reporter-output>
        </test-method> <!-- tearDownClass -->
      </class> <!-- runner.RunTestNGtest -->
    </test> <!-- Default test -->
  </suite> <!-- Default suite -->
</testng-results>
