<?xml version="1.0" encoding="UTF-8"?>
<testng-results ignored="0" total="1" passed="1" failed="0" skipped="0">
  <reporter-output>
  </reporter-output>
  <suite started-at="2024-02-04T00:20:04 IST" name="Default suite" finished-at="2024-02-04T00:20:50 IST" duration-ms="46422">
    <groups>
      <group name="cucumber">
        <method signature="AbstractTestNGCucumberTests.runScenario(io.cucumber.testng.PickleWrapper,io.cucumber.testng.FeatureWrapper)[pri:0, instance:runner.RunTestNGtest@13c9d689]" name="runScenario" class="io.cucumber.testng.AbstractTestNGCucumberTests"/>
      </group> <!-- cucumber -->
    </groups>
    <test started-at="2024-02-04T00:20:04 IST" name="Default test" finished-at="2024-02-04T00:20:50 IST" duration-ms="46422">
      <class name="runner.RunTestNGtest">
        <test-method is-config="true" signature="setUpClass(org.testng.ITestContext)[pri:0, instance:runner.RunTestNGtest@13c9d689]" started-at="2024-02-04T00:20:04 IST" name="setUpClass" finished-at="2024-02-04T00:20:05 IST" duration-ms="1206" status="PASS">
          <params>
            <param index="0">
              <value>
                <![CDATA[org.testng.TestRunner@5c448433]]>
              </value>
            </param>
          </params>
          <reporter-output>
          </reporter-output>
        </test-method> <!-- setUpClass -->
        <test-method signature="runScenario(io.cucumber.testng.PickleWrapper,io.cucumber.testng.FeatureWrapper)[pri:0, instance:runner.RunTestNGtest@13c9d689]" started-at="2024-02-04T00:20:05 IST" name="runScenario" description="Runs Cucumber Scenarios" data-provider="scenarios" finished-at="2024-02-04T00:20:50 IST" duration-ms="44983" status="PASS">
          <params>
            <param index="0">
              <value>
                <![CDATA["Apple booking aflight only"]]>
              </value>
            </param>
            <param index="1">
              <value>
                <![CDATA["Apple vacation credential"]]>
              </value>
            </param>
          </params>
          <reporter-output>
          </reporter-output>
        </test-method> <!-- runScenario -->
        <test-method is-config="true" signature="tearDownClass()[pri:0, instance:runner.RunTestNGtest@13c9d689]" started-at="2024-02-04T00:20:50 IST" name="tearDownClass" finished-at="2024-02-04T00:20:50 IST" duration-ms="121" status="PASS">
          <reporter-output>
          </reporter-output>
        </test-method> <!-- tearDownClass -->
      </class> <!-- runner.RunTestNGtest -->
    </test> <!-- Default test -->
  </suite> <!-- Default suite -->
</testng-results>
